[0.453s] Invoking command in '/home/tnoin/codes/subsumption/src/subsumption_architecture': PYTHONPATH=/home/tnoin/codes/subsumption/install/subsumption_architecture/lib/python3.10/site-packages:${PYTHONPATH} /usr/bin/python3 setup.py egg_info --egg-base ../../build/subsumption_architecture build --build-base /home/tnoin/codes/subsumption/build/subsumption_architecture/build install --prefix /home/tnoin/codes/subsumption/install/subsumption_architecture --record /home/tnoin/codes/subsumption/build/subsumption_architecture/install.log --single-version-externally-managed
[0.632s] running egg_info
[0.632s] writing ../../build/subsumption_architecture/subsumption_architecture.egg-info/PKG-INFO
[0.632s] writing dependency_links to ../../build/subsumption_architecture/subsumption_architecture.egg-info/dependency_links.txt
[0.633s] writing entry points to ../../build/subsumption_architecture/subsumption_architecture.egg-info/entry_points.txt
[0.633s] writing requirements to ../../build/subsumption_architecture/subsumption_architecture.egg-info/requires.txt
[0.633s] writing top-level names to ../../build/subsumption_architecture/subsumption_architecture.egg-info/top_level.txt
[0.634s] reading manifest file '../../build/subsumption_architecture/subsumption_architecture.egg-info/SOURCES.txt'
[0.635s] writing manifest file '../../build/subsumption_architecture/subsumption_architecture.egg-info/SOURCES.txt'
[0.635s] running build
[0.635s] running build_py
[0.635s] copying subsumption_architecture/randomaxis.py -> /home/tnoin/codes/subsumption/build/subsumption_architecture/build/lib/subsumption_architecture
[0.636s] running install
[0.636s] /usr/lib/python3/dist-packages/setuptools/command/install.py:34: SetuptoolsDeprecationWarning: setup.py install is deprecated. Use build and pip and other standards-based tools.
[0.636s]   warnings.warn(
[0.636s] running install_lib
[0.637s] copying /home/tnoin/codes/subsumption/build/subsumption_architecture/build/lib/subsumption_architecture/randomaxis.py -> /home/tnoin/codes/subsumption/install/subsumption_architecture/lib/python3.10/site-packages/subsumption_architecture
[0.637s] byte-compiling /home/tnoin/codes/subsumption/install/subsumption_architecture/lib/python3.10/site-packages/subsumption_architecture/randomaxis.py to randomaxis.cpython-310.pyc
[0.638s] running install_data
[0.638s] running install_egg_info
[0.639s] removing '/home/tnoin/codes/subsumption/install/subsumption_architecture/lib/python3.10/site-packages/subsumption_architecture-0.0.0-py3.10.egg-info' (and everything under it)
[0.639s] Copying ../../build/subsumption_architecture/subsumption_architecture.egg-info to /home/tnoin/codes/subsumption/install/subsumption_architecture/lib/python3.10/site-packages/subsumption_architecture-0.0.0-py3.10.egg-info
[0.640s] running install_scripts
[0.655s] Installing PID_eye script to /home/tnoin/codes/subsumption/install/subsumption_architecture/lib/subsumption_architecture
[0.655s] Installing PID_neck script to /home/tnoin/codes/subsumption/install/subsumption_architecture/lib/subsumption_architecture
[0.655s] Installing alife_engine script to /home/tnoin/codes/subsumption/install/subsumption_architecture/lib/subsumption_architecture
[0.655s] Installing avoid script to /home/tnoin/codes/subsumption/install/subsumption_architecture/lib/subsumption_architecture
[0.655s] Installing camera_pub script to /home/tnoin/codes/subsumption/install/subsumption_architecture/lib/subsumption_architecture
[0.655s] Installing camera_sub script to /home/tnoin/codes/subsumption/install/subsumption_architecture/lib/subsumption_architecture
[0.655s] Installing face_detect script to /home/tnoin/codes/subsumption/install/subsumption_architecture/lib/subsumption_architecture
[0.655s] Installing face_expression script to /home/tnoin/codes/subsumption/install/subsumption_architecture/lib/subsumption_architecture
[0.655s] Installing hand_detect script to /home/tnoin/codes/subsumption/install/subsumption_architecture/lib/subsumption_architecture
[0.655s] Installing hand_pos script to /home/tnoin/codes/subsumption/install/subsumption_architecture/lib/subsumption_architecture
[0.655s] Installing imitation script to /home/tnoin/codes/subsumption/install/subsumption_architecture/lib/subsumption_architecture
[0.655s] Installing main script to /home/tnoin/codes/subsumption/install/subsumption_architecture/lib/subsumption_architecture
[0.655s] Installing movingobj_detect script to /home/tnoin/codes/subsumption/install/subsumption_architecture/lib/subsumption_architecture
[0.656s] Installing periodic_axis script to /home/tnoin/codes/subsumption/install/subsumption_architecture/lib/subsumption_architecture
[0.656s] Installing random_axis script to /home/tnoin/codes/subsumption/install/subsumption_architecture/lib/subsumption_architecture
[0.656s] Installing sim script to /home/tnoin/codes/subsumption/install/subsumption_architecture/lib/subsumption_architecture
[0.656s] writing list of installed files to '/home/tnoin/codes/subsumption/build/subsumption_architecture/install.log'
[0.672s] Invoked command in '/home/tnoin/codes/subsumption/src/subsumption_architecture' returned '0': PYTHONPATH=/home/tnoin/codes/subsumption/install/subsumption_architecture/lib/python3.10/site-packages:${PYTHONPATH} /usr/bin/python3 setup.py egg_info --egg-base ../../build/subsumption_architecture build --build-base /home/tnoin/codes/subsumption/build/subsumption_architecture/build install --prefix /home/tnoin/codes/subsumption/install/subsumption_architecture --record /home/tnoin/codes/subsumption/build/subsumption_architecture/install.log --single-version-externally-managed
