/home/tnoin/codes/subsumption/install/subsumption_architecture/lib/python3.10/site-packages/subsumption_architecture/app2.py
/home/tnoin/codes/subsumption/install/subsumption_architecture/lib/python3.10/site-packages/subsumption_architecture/sub.py
/home/tnoin/codes/subsumption/install/subsumption_architecture/lib/python3.10/site-packages/subsumption_architecture/periodicaxis.py
/home/tnoin/codes/subsumption/install/subsumption_architecture/lib/python3.10/site-packages/subsumption_architecture/PID_eye.py
/home/tnoin/codes/subsumption/install/subsumption_architecture/lib/python3.10/site-packages/subsumption_architecture/marge.py
/home/tnoin/codes/subsumption/install/subsumption_architecture/lib/python3.10/site-packages/subsumption_architecture/send_hand_pos.py
/home/tnoin/codes/subsumption/install/subsumption_architecture/lib/python3.10/site-packages/subsumption_architecture/pub.py
/home/tnoin/codes/subsumption/install/subsumption_architecture/lib/python3.10/site-packages/subsumption_architecture/randomaxis.py
/home/tnoin/codes/subsumption/install/subsumption_architecture/lib/python3.10/site-packages/subsumption_architecture/app.py
/home/tnoin/codes/subsumption/install/subsumption_architecture/lib/python3.10/site-packages/subsumption_architecture/demo_superglue.py
/home/tnoin/codes/subsumption/install/subsumption_architecture/lib/python3.10/site-packages/subsumption_architecture/faceexpression.py
/home/tnoin/codes/subsumption/install/subsumption_architecture/lib/python3.10/site-packages/subsumption_architecture/handgaze.py
/home/tnoin/codes/subsumption/install/subsumption_architecture/lib/python3.10/site-packages/subsumption_architecture/imitation.py
/home/tnoin/codes/subsumption/install/subsumption_architecture/lib/python3.10/site-packages/subsumption_architecture/server.py
/home/tnoin/codes/subsumption/install/subsumption_architecture/lib/python3.10/site-packages/subsumption_architecture/__init__.py
/home/tnoin/codes/subsumption/install/subsumption_architecture/lib/python3.10/site-packages/subsumption_architecture/AlifeEngine.py
/home/tnoin/codes/subsumption/install/subsumption_architecture/lib/python3.10/site-packages/subsumption_architecture/memo.py
/home/tnoin/codes/subsumption/install/subsumption_architecture/lib/python3.10/site-packages/subsumption_architecture/objdetect.py
/home/tnoin/codes/subsumption/install/subsumption_architecture/lib/python3.10/site-packages/subsumption_architecture/avoid.py
/home/tnoin/codes/subsumption/install/subsumption_architecture/lib/python3.10/site-packages/subsumption_architecture/face.py
/home/tnoin/codes/subsumption/install/subsumption_architecture/lib/python3.10/site-packages/subsumption_architecture/PID_neck.py
/home/tnoin/codes/subsumption/install/subsumption_architecture/lib/python3.10/site-packages/subsumption_architecture/osc_receive.py
/home/tnoin/codes/subsumption/install/subsumption_architecture/lib/python3.10/site-packages/subsumption_architecture/__pycache__/app2.cpython-310.pyc
/home/tnoin/codes/subsumption/install/subsumption_architecture/lib/python3.10/site-packages/subsumption_architecture/__pycache__/sub.cpython-310.pyc
/home/tnoin/codes/subsumption/install/subsumption_architecture/lib/python3.10/site-packages/subsumption_architecture/__pycache__/periodicaxis.cpython-310.pyc
/home/tnoin/codes/subsumption/install/subsumption_architecture/lib/python3.10/site-packages/subsumption_architecture/__pycache__/PID_eye.cpython-310.pyc
/home/tnoin/codes/subsumption/install/subsumption_architecture/lib/python3.10/site-packages/subsumption_architecture/__pycache__/marge.cpython-310.pyc
/home/tnoin/codes/subsumption/install/subsumption_architecture/lib/python3.10/site-packages/subsumption_architecture/__pycache__/send_hand_pos.cpython-310.pyc
/home/tnoin/codes/subsumption/install/subsumption_architecture/lib/python3.10/site-packages/subsumption_architecture/__pycache__/pub.cpython-310.pyc
/home/tnoin/codes/subsumption/install/subsumption_architecture/lib/python3.10/site-packages/subsumption_architecture/__pycache__/randomaxis.cpython-310.pyc
/home/tnoin/codes/subsumption/install/subsumption_architecture/lib/python3.10/site-packages/subsumption_architecture/__pycache__/app.cpython-310.pyc
/home/tnoin/codes/subsumption/install/subsumption_architecture/lib/python3.10/site-packages/subsumption_architecture/__pycache__/demo_superglue.cpython-310.pyc
/home/tnoin/codes/subsumption/install/subsumption_architecture/lib/python3.10/site-packages/subsumption_architecture/__pycache__/faceexpression.cpython-310.pyc
/home/tnoin/codes/subsumption/install/subsumption_architecture/lib/python3.10/site-packages/subsumption_architecture/__pycache__/handgaze.cpython-310.pyc
/home/tnoin/codes/subsumption/install/subsumption_architecture/lib/python3.10/site-packages/subsumption_architecture/__pycache__/imitation.cpython-310.pyc
/home/tnoin/codes/subsumption/install/subsumption_architecture/lib/python3.10/site-packages/subsumption_architecture/__pycache__/server.cpython-310.pyc
/home/tnoin/codes/subsumption/install/subsumption_architecture/lib/python3.10/site-packages/subsumption_architecture/__pycache__/__init__.cpython-310.pyc
/home/tnoin/codes/subsumption/install/subsumption_architecture/lib/python3.10/site-packages/subsumption_architecture/__pycache__/AlifeEngine.cpython-310.pyc
/home/tnoin/codes/subsumption/install/subsumption_architecture/lib/python3.10/site-packages/subsumption_architecture/__pycache__/memo.cpython-310.pyc
/home/tnoin/codes/subsumption/install/subsumption_architecture/lib/python3.10/site-packages/subsumption_architecture/__pycache__/objdetect.cpython-310.pyc
/home/tnoin/codes/subsumption/install/subsumption_architecture/lib/python3.10/site-packages/subsumption_architecture/__pycache__/avoid.cpython-310.pyc
/home/tnoin/codes/subsumption/install/subsumption_architecture/lib/python3.10/site-packages/subsumption_architecture/__pycache__/face.cpython-310.pyc
/home/tnoin/codes/subsumption/install/subsumption_architecture/lib/python3.10/site-packages/subsumption_architecture/__pycache__/PID_neck.cpython-310.pyc
/home/tnoin/codes/subsumption/install/subsumption_architecture/lib/python3.10/site-packages/subsumption_architecture/__pycache__/osc_receive.cpython-310.pyc
/home/tnoin/codes/subsumption/install/subsumption_architecture/share/ament_index/resource_index/packages/subsumption_architecture
/home/tnoin/codes/subsumption/install/subsumption_architecture/share/subsumption_architecture/package.xml
/home/tnoin/codes/subsumption/install/subsumption_architecture/share/subsumption_architecture/launch.py
/home/tnoin/codes/subsumption/install/subsumption_architecture/lib/python3.10/site-packages/subsumption_architecture-0.0.0-py3.10.egg-info/zip-safe
/home/tnoin/codes/subsumption/install/subsumption_architecture/lib/python3.10/site-packages/subsumption_architecture-0.0.0-py3.10.egg-info/top_level.txt
/home/tnoin/codes/subsumption/install/subsumption_architecture/lib/python3.10/site-packages/subsumption_architecture-0.0.0-py3.10.egg-info/entry_points.txt
/home/tnoin/codes/subsumption/install/subsumption_architecture/lib/python3.10/site-packages/subsumption_architecture-0.0.0-py3.10.egg-info/SOURCES.txt
/home/tnoin/codes/subsumption/install/subsumption_architecture/lib/python3.10/site-packages/subsumption_architecture-0.0.0-py3.10.egg-info/dependency_links.txt
/home/tnoin/codes/subsumption/install/subsumption_architecture/lib/python3.10/site-packages/subsumption_architecture-0.0.0-py3.10.egg-info/requires.txt
/home/tnoin/codes/subsumption/install/subsumption_architecture/lib/python3.10/site-packages/subsumption_architecture-0.0.0-py3.10.egg-info/PKG-INFO
/home/tnoin/codes/subsumption/install/subsumption_architecture/lib/subsumption_architecture/PID_eye
/home/tnoin/codes/subsumption/install/subsumption_architecture/lib/subsumption_architecture/PID_neck
/home/tnoin/codes/subsumption/install/subsumption_architecture/lib/subsumption_architecture/alife_engine
/home/tnoin/codes/subsumption/install/subsumption_architecture/lib/subsumption_architecture/avoid
/home/tnoin/codes/subsumption/install/subsumption_architecture/lib/subsumption_architecture/camera_pub
/home/tnoin/codes/subsumption/install/subsumption_architecture/lib/subsumption_architecture/camera_sub
/home/tnoin/codes/subsumption/install/subsumption_architecture/lib/subsumption_architecture/face_detect
/home/tnoin/codes/subsumption/install/subsumption_architecture/lib/subsumption_architecture/face_expression
/home/tnoin/codes/subsumption/install/subsumption_architecture/lib/subsumption_architecture/hand_detect
/home/tnoin/codes/subsumption/install/subsumption_architecture/lib/subsumption_architecture/hand_pos
/home/tnoin/codes/subsumption/install/subsumption_architecture/lib/subsumption_architecture/imitation
/home/tnoin/codes/subsumption/install/subsumption_architecture/lib/subsumption_architecture/main
/home/tnoin/codes/subsumption/install/subsumption_architecture/lib/subsumption_architecture/movingobj_detect
/home/tnoin/codes/subsumption/install/subsumption_architecture/lib/subsumption_architecture/periodic_axis
/home/tnoin/codes/subsumption/install/subsumption_architecture/lib/subsumption_architecture/random_axis
/home/tnoin/codes/subsumption/install/subsumption_architecture/lib/subsumption_architecture/sim
