[0.445s] Invoking command in '/home/tnoin/codes/subsumption/src/subsumption_architecture': PYTHONPATH=/home/tnoin/codes/subsumption/install/subsumption_architecture/lib/python3.10/site-packages:${PYTHONPATH} /usr/bin/python3 setup.py egg_info --egg-base ../../build/subsumption_architecture build --build-base /home/tnoin/codes/subsumption/build/subsumption_architecture/build install --prefix /home/tnoin/codes/subsumption/install/subsumption_architecture --record /home/tnoin/codes/subsumption/build/subsumption_architecture/install.log --single-version-externally-managed
[0.621s] running egg_info
[0.622s] writing ../../build/subsumption_architecture/subsumption_architecture.egg-info/PKG-INFO
[0.622s] writing dependency_links to ../../build/subsumption_architecture/subsumption_architecture.egg-info/dependency_links.txt
[0.622s] writing entry points to ../../build/subsumption_architecture/subsumption_architecture.egg-info/entry_points.txt
[0.622s] writing requirements to ../../build/subsumption_architecture/subsumption_architecture.egg-info/requires.txt
[0.622s] writing top-level names to ../../build/subsumption_architecture/subsumption_architecture.egg-info/top_level.txt
[0.623s] reading manifest file '../../build/subsumption_architecture/subsumption_architecture.egg-info/SOURCES.txt'
[0.624s] writing manifest file '../../build/subsumption_architecture/subsumption_architecture.egg-info/SOURCES.txt'
[0.624s] running build
[0.624s] running build_py
[0.625s] copying subsumption_architecture/AlifeEngine.py -> /home/tnoin/codes/subsumption/build/subsumption_architecture/build/lib/subsumption_architecture
[0.625s] running install
[0.625s] /usr/lib/python3/dist-packages/setuptools/command/install.py:34: SetuptoolsDeprecationWarning: setup.py install is deprecated. Use build and pip and other standards-based tools.
[0.625s]   warnings.warn(
[0.625s] running install_lib
[0.626s] copying /home/tnoin/codes/subsumption/build/subsumption_architecture/build/lib/subsumption_architecture/AlifeEngine.py -> /home/tnoin/codes/subsumption/install/subsumption_architecture/lib/python3.10/site-packages/subsumption_architecture
[0.627s] byte-compiling /home/tnoin/codes/subsumption/install/subsumption_architecture/lib/python3.10/site-packages/subsumption_architecture/AlifeEngine.py to AlifeEngine.cpython-310.pyc
[0.627s] running install_data
[0.628s] copying launch/launch.py -> /home/tnoin/codes/subsumption/install/subsumption_architecture/share/subsumption_architecture
[0.628s] running install_egg_info
[0.629s] removing '/home/tnoin/codes/subsumption/install/subsumption_architecture/lib/python3.10/site-packages/subsumption_architecture-0.0.0-py3.10.egg-info' (and everything under it)
[0.629s] Copying ../../build/subsumption_architecture/subsumption_architecture.egg-info to /home/tnoin/codes/subsumption/install/subsumption_architecture/lib/python3.10/site-packages/subsumption_architecture-0.0.0-py3.10.egg-info
[0.630s] running install_scripts
[0.644s] Installing PID_eye script to /home/tnoin/codes/subsumption/install/subsumption_architecture/lib/subsumption_architecture
[0.644s] Installing PID_neck script to /home/tnoin/codes/subsumption/install/subsumption_architecture/lib/subsumption_architecture
[0.644s] Installing alife_engine script to /home/tnoin/codes/subsumption/install/subsumption_architecture/lib/subsumption_architecture
[0.644s] Installing avoid script to /home/tnoin/codes/subsumption/install/subsumption_architecture/lib/subsumption_architecture
[0.644s] Installing camera_pub script to /home/tnoin/codes/subsumption/install/subsumption_architecture/lib/subsumption_architecture
[0.644s] Installing camera_sub script to /home/tnoin/codes/subsumption/install/subsumption_architecture/lib/subsumption_architecture
[0.644s] Installing face_detect script to /home/tnoin/codes/subsumption/install/subsumption_architecture/lib/subsumption_architecture
[0.644s] Installing face_expression script to /home/tnoin/codes/subsumption/install/subsumption_architecture/lib/subsumption_architecture
[0.644s] Installing hand_detect script to /home/tnoin/codes/subsumption/install/subsumption_architecture/lib/subsumption_architecture
[0.644s] Installing imitation script to /home/tnoin/codes/subsumption/install/subsumption_architecture/lib/subsumption_architecture
[0.644s] Installing main script to /home/tnoin/codes/subsumption/install/subsumption_architecture/lib/subsumption_architecture
[0.645s] Installing movingobj_detect script to /home/tnoin/codes/subsumption/install/subsumption_architecture/lib/subsumption_architecture
[0.645s] Installing periodic_axis script to /home/tnoin/codes/subsumption/install/subsumption_architecture/lib/subsumption_architecture
[0.645s] Installing random_axis script to /home/tnoin/codes/subsumption/install/subsumption_architecture/lib/subsumption_architecture
[0.645s] Installing sim = subsumption_architecture.server:mainhand_pos script to /home/tnoin/codes/subsumption/install/subsumption_architecture/lib/subsumption_architecture
[0.645s] writing list of installed files to '/home/tnoin/codes/subsumption/build/subsumption_architecture/install.log'
[0.661s] Invoked command in '/home/tnoin/codes/subsumption/src/subsumption_architecture' returned '0': PYTHONPATH=/home/tnoin/codes/subsumption/install/subsumption_architecture/lib/python3.10/site-packages:${PYTHONPATH} /usr/bin/python3 setup.py egg_info --egg-base ../../build/subsumption_architecture build --build-base /home/tnoin/codes/subsumption/build/subsumption_architecture/build install --prefix /home/tnoin/codes/subsumption/install/subsumption_architecture --record /home/tnoin/codes/subsumption/build/subsumption_architecture/install.log --single-version-externally-managed
