running egg_info
creating ../../build/subsumption_architecture/subsumption_architecture.egg-info
writing ../../build/subsumption_architecture/subsumption_architecture.egg-info/PKG-INFO
writing dependency_links to ../../build/subsumption_architecture/subsumption_architecture.egg-info/dependency_links.txt
writing entry points to ../../build/subsumption_architecture/subsumption_architecture.egg-info/entry_points.txt
writing requirements to ../../build/subsumption_architecture/subsumption_architecture.egg-info/requires.txt
writing top-level names to ../../build/subsumption_architecture/subsumption_architecture.egg-info/top_level.txt
writing manifest file '../../build/subsumption_architecture/subsumption_architecture.egg-info/SOURCES.txt'
reading manifest file '../../build/subsumption_architecture/subsumption_architecture.egg-info/SOURCES.txt'
writing manifest file '../../build/subsumption_architecture/subsumption_architecture.egg-info/SOURCES.txt'
running build
running build_py
creating /home/tnoin/codes/subsumption/build/subsumption_architecture/build
creating /home/tnoin/codes/subsumption/build/subsumption_architecture/build/lib
creating /home/tnoin/codes/subsumption/build/subsumption_architecture/build/lib/subsumption_architecture
copying subsumption_architecture/app2.py -> /home/tnoin/codes/subsumption/build/subsumption_architecture/build/lib/subsumption_architecture
copying subsumption_architecture/sub.py -> /home/tnoin/codes/subsumption/build/subsumption_architecture/build/lib/subsumption_architecture
copying subsumption_architecture/periodicaxis.py -> /home/tnoin/codes/subsumption/build/subsumption_architecture/build/lib/subsumption_architecture
copying subsumption_architecture/PID_eye.py -> /home/tnoin/codes/subsumption/build/subsumption_architecture/build/lib/subsumption_architecture
copying subsumption_architecture/marge.py -> /home/tnoin/codes/subsumption/build/subsumption_architecture/build/lib/subsumption_architecture
copying subsumption_architecture/send_hand_pos.py -> /home/tnoin/codes/subsumption/build/subsumption_architecture/build/lib/subsumption_architecture
copying subsumption_architecture/pub.py -> /home/tnoin/codes/subsumption/build/subsumption_architecture/build/lib/subsumption_architecture
copying subsumption_architecture/randomaxis.py -> /home/tnoin/codes/subsumption/build/subsumption_architecture/build/lib/subsumption_architecture
copying subsumption_architecture/app.py -> /home/tnoin/codes/subsumption/build/subsumption_architecture/build/lib/subsumption_architecture
copying subsumption_architecture/demo_superglue.py -> /home/tnoin/codes/subsumption/build/subsumption_architecture/build/lib/subsumption_architecture
copying subsumption_architecture/faceexpression.py -> /home/tnoin/codes/subsumption/build/subsumption_architecture/build/lib/subsumption_architecture
copying subsumption_architecture/handgaze.py -> /home/tnoin/codes/subsumption/build/subsumption_architecture/build/lib/subsumption_architecture
copying subsumption_architecture/imitation.py -> /home/tnoin/codes/subsumption/build/subsumption_architecture/build/lib/subsumption_architecture
copying subsumption_architecture/server.py -> /home/tnoin/codes/subsumption/build/subsumption_architecture/build/lib/subsumption_architecture
copying subsumption_architecture/__init__.py -> /home/tnoin/codes/subsumption/build/subsumption_architecture/build/lib/subsumption_architecture
copying subsumption_architecture/memo.py -> /home/tnoin/codes/subsumption/build/subsumption_architecture/build/lib/subsumption_architecture
copying subsumption_architecture/objdetect.py -> /home/tnoin/codes/subsumption/build/subsumption_architecture/build/lib/subsumption_architecture
copying subsumption_architecture/avoid.py -> /home/tnoin/codes/subsumption/build/subsumption_architecture/build/lib/subsumption_architecture
copying subsumption_architecture/face.py -> /home/tnoin/codes/subsumption/build/subsumption_architecture/build/lib/subsumption_architecture
copying subsumption_architecture/PID_neck.py -> /home/tnoin/codes/subsumption/build/subsumption_architecture/build/lib/subsumption_architecture
copying subsumption_architecture/osc_receive.py -> /home/tnoin/codes/subsumption/build/subsumption_architecture/build/lib/subsumption_architecture
running install
running install_lib
creating /home/tnoin/codes/subsumption/install/subsumption_architecture/lib/python3.10/site-packages/subsumption_architecture
copying /home/tnoin/codes/subsumption/build/subsumption_architecture/build/lib/subsumption_architecture/app2.py -> /home/tnoin/codes/subsumption/install/subsumption_architecture/lib/python3.10/site-packages/subsumption_architecture
copying /home/tnoin/codes/subsumption/build/subsumption_architecture/build/lib/subsumption_architecture/sub.py -> /home/tnoin/codes/subsumption/install/subsumption_architecture/lib/python3.10/site-packages/subsumption_architecture
copying /home/tnoin/codes/subsumption/build/subsumption_architecture/build/lib/subsumption_architecture/periodicaxis.py -> /home/tnoin/codes/subsumption/install/subsumption_architecture/lib/python3.10/site-packages/subsumption_architecture
copying /home/tnoin/codes/subsumption/build/subsumption_architecture/build/lib/subsumption_architecture/PID_eye.py -> /home/tnoin/codes/subsumption/install/subsumption_architecture/lib/python3.10/site-packages/subsumption_architecture
copying /home/tnoin/codes/subsumption/build/subsumption_architecture/build/lib/subsumption_architecture/marge.py -> /home/tnoin/codes/subsumption/install/subsumption_architecture/lib/python3.10/site-packages/subsumption_architecture
copying /home/tnoin/codes/subsumption/build/subsumption_architecture/build/lib/subsumption_architecture/send_hand_pos.py -> /home/tnoin/codes/subsumption/install/subsumption_architecture/lib/python3.10/site-packages/subsumption_architecture
copying /home/tnoin/codes/subsumption/build/subsumption_architecture/build/lib/subsumption_architecture/pub.py -> /home/tnoin/codes/subsumption/install/subsumption_architecture/lib/python3.10/site-packages/subsumption_architecture
copying /home/tnoin/codes/subsumption/build/subsumption_architecture/build/lib/subsumption_architecture/randomaxis.py -> /home/tnoin/codes/subsumption/install/subsumption_architecture/lib/python3.10/site-packages/subsumption_architecture
copying /home/tnoin/codes/subsumption/build/subsumption_architecture/build/lib/subsumption_architecture/app.py -> /home/tnoin/codes/subsumption/install/subsumption_architecture/lib/python3.10/site-packages/subsumption_architecture
copying /home/tnoin/codes/subsumption/build/subsumption_architecture/build/lib/subsumption_architecture/demo_superglue.py -> /home/tnoin/codes/subsumption/install/subsumption_architecture/lib/python3.10/site-packages/subsumption_architecture
copying /home/tnoin/codes/subsumption/build/subsumption_architecture/build/lib/subsumption_architecture/faceexpression.py -> /home/tnoin/codes/subsumption/install/subsumption_architecture/lib/python3.10/site-packages/subsumption_architecture
copying /home/tnoin/codes/subsumption/build/subsumption_architecture/build/lib/subsumption_architecture/handgaze.py -> /home/tnoin/codes/subsumption/install/subsumption_architecture/lib/python3.10/site-packages/subsumption_architecture
copying /home/tnoin/codes/subsumption/build/subsumption_architecture/build/lib/subsumption_architecture/imitation.py -> /home/tnoin/codes/subsumption/install/subsumption_architecture/lib/python3.10/site-packages/subsumption_architecture
copying /home/tnoin/codes/subsumption/build/subsumption_architecture/build/lib/subsumption_architecture/server.py -> /home/tnoin/codes/subsumption/install/subsumption_architecture/lib/python3.10/site-packages/subsumption_architecture
copying /home/tnoin/codes/subsumption/build/subsumption_architecture/build/lib/subsumption_architecture/__init__.py -> /home/tnoin/codes/subsumption/install/subsumption_architecture/lib/python3.10/site-packages/subsumption_architecture
copying /home/tnoin/codes/subsumption/build/subsumption_architecture/build/lib/subsumption_architecture/memo.py -> /home/tnoin/codes/subsumption/install/subsumption_architecture/lib/python3.10/site-packages/subsumption_architecture
copying /home/tnoin/codes/subsumption/build/subsumption_architecture/build/lib/subsumption_architecture/objdetect.py -> /home/tnoin/codes/subsumption/install/subsumption_architecture/lib/python3.10/site-packages/subsumption_architecture
copying /home/tnoin/codes/subsumption/build/subsumption_architecture/build/lib/subsumption_architecture/avoid.py -> /home/tnoin/codes/subsumption/install/subsumption_architecture/lib/python3.10/site-packages/subsumption_architecture
copying /home/tnoin/codes/subsumption/build/subsumption_architecture/build/lib/subsumption_architecture/face.py -> /home/tnoin/codes/subsumption/install/subsumption_architecture/lib/python3.10/site-packages/subsumption_architecture
copying /home/tnoin/codes/subsumption/build/subsumption_architecture/build/lib/subsumption_architecture/PID_neck.py -> /home/tnoin/codes/subsumption/install/subsumption_architecture/lib/python3.10/site-packages/subsumption_architecture
copying /home/tnoin/codes/subsumption/build/subsumption_architecture/build/lib/subsumption_architecture/osc_receive.py -> /home/tnoin/codes/subsumption/install/subsumption_architecture/lib/python3.10/site-packages/subsumption_architecture
byte-compiling /home/tnoin/codes/subsumption/install/subsumption_architecture/lib/python3.10/site-packages/subsumption_architecture/app2.py to app2.cpython-310.pyc
byte-compiling /home/tnoin/codes/subsumption/install/subsumption_architecture/lib/python3.10/site-packages/subsumption_architecture/sub.py to sub.cpython-310.pyc
byte-compiling /home/tnoin/codes/subsumption/install/subsumption_architecture/lib/python3.10/site-packages/subsumption_architecture/periodicaxis.py to periodicaxis.cpython-310.pyc
byte-compiling /home/tnoin/codes/subsumption/install/subsumption_architecture/lib/python3.10/site-packages/subsumption_architecture/PID_eye.py to PID_eye.cpython-310.pyc
byte-compiling /home/tnoin/codes/subsumption/install/subsumption_architecture/lib/python3.10/site-packages/subsumption_architecture/marge.py to marge.cpython-310.pyc
byte-compiling /home/tnoin/codes/subsumption/install/subsumption_architecture/lib/python3.10/site-packages/subsumption_architecture/send_hand_pos.py to send_hand_pos.cpython-310.pyc
byte-compiling /home/tnoin/codes/subsumption/install/subsumption_architecture/lib/python3.10/site-packages/subsumption_architecture/pub.py to pub.cpython-310.pyc
byte-compiling /home/tnoin/codes/subsumption/install/subsumption_architecture/lib/python3.10/site-packages/subsumption_architecture/randomaxis.py to randomaxis.cpython-310.pyc
byte-compiling /home/tnoin/codes/subsumption/install/subsumption_architecture/lib/python3.10/site-packages/subsumption_architecture/app.py to app.cpython-310.pyc
byte-compiling /home/tnoin/codes/subsumption/install/subsumption_architecture/lib/python3.10/site-packages/subsumption_architecture/demo_superglue.py to demo_superglue.cpython-310.pyc
byte-compiling /home/tnoin/codes/subsumption/install/subsumption_architecture/lib/python3.10/site-packages/subsumption_architecture/faceexpression.py to faceexpression.cpython-310.pyc
byte-compiling /home/tnoin/codes/subsumption/install/subsumption_architecture/lib/python3.10/site-packages/subsumption_architecture/handgaze.py to handgaze.cpython-310.pyc
byte-compiling /home/tnoin/codes/subsumption/install/subsumption_architecture/lib/python3.10/site-packages/subsumption_architecture/imitation.py to imitation.cpython-310.pyc
byte-compiling /home/tnoin/codes/subsumption/install/subsumption_architecture/lib/python3.10/site-packages/subsumption_architecture/server.py to server.cpython-310.pyc
byte-compiling /home/tnoin/codes/subsumption/install/subsumption_architecture/lib/python3.10/site-packages/subsumption_architecture/__init__.py to __init__.cpython-310.pyc
byte-compiling /home/tnoin/codes/subsumption/install/subsumption_architecture/lib/python3.10/site-packages/subsumption_architecture/memo.py to memo.cpython-310.pyc
byte-compiling /home/tnoin/codes/subsumption/install/subsumption_architecture/lib/python3.10/site-packages/subsumption_architecture/objdetect.py to objdetect.cpython-310.pyc
byte-compiling /home/tnoin/codes/subsumption/install/subsumption_architecture/lib/python3.10/site-packages/subsumption_architecture/avoid.py to avoid.cpython-310.pyc
byte-compiling /home/tnoin/codes/subsumption/install/subsumption_architecture/lib/python3.10/site-packages/subsumption_architecture/face.py to face.cpython-310.pyc
byte-compiling /home/tnoin/codes/subsumption/install/subsumption_architecture/lib/python3.10/site-packages/subsumption_architecture/PID_neck.py to PID_neck.cpython-310.pyc
byte-compiling /home/tnoin/codes/subsumption/install/subsumption_architecture/lib/python3.10/site-packages/subsumption_architecture/osc_receive.py to osc_receive.cpython-310.pyc
running install_data
creating /home/tnoin/codes/subsumption/install/subsumption_architecture/share/ament_index
creating /home/tnoin/codes/subsumption/install/subsumption_architecture/share/ament_index/resource_index
creating /home/tnoin/codes/subsumption/install/subsumption_architecture/share/ament_index/resource_index/packages
copying resource/subsumption_architecture -> /home/tnoin/codes/subsumption/install/subsumption_architecture/share/ament_index/resource_index/packages
copying package.xml -> /home/tnoin/codes/subsumption/install/subsumption_architecture/share/subsumption_architecture
copying launch/launch.py -> /home/tnoin/codes/subsumption/install/subsumption_architecture/share/subsumption_architecture
running install_egg_info
Copying ../../build/subsumption_architecture/subsumption_architecture.egg-info to /home/tnoin/codes/subsumption/install/subsumption_architecture/lib/python3.10/site-packages/subsumption_architecture-0.0.0-py3.10.egg-info
running install_scripts
Installing PID_eye script to /home/tnoin/codes/subsumption/install/subsumption_architecture/lib/subsumption_architecture
Installing PID_neck script to /home/tnoin/codes/subsumption/install/subsumption_architecture/lib/subsumption_architecture
Installing avoid script to /home/tnoin/codes/subsumption/install/subsumption_architecture/lib/subsumption_architecture
Installing camera script to /home/tnoin/codes/subsumption/install/subsumption_architecture/lib/subsumption_architecture
Installing face_detect script to /home/tnoin/codes/subsumption/install/subsumption_architecture/lib/subsumption_architecture
Installing face_expression script to /home/tnoin/codes/subsumption/install/subsumption_architecture/lib/subsumption_architecture
Installing hand_detect script to /home/tnoin/codes/subsumption/install/subsumption_architecture/lib/subsumption_architecture
Installing imitation script to /home/tnoin/codes/subsumption/install/subsumption_architecture/lib/subsumption_architecture
Installing main script to /home/tnoin/codes/subsumption/install/subsumption_architecture/lib/subsumption_architecture
Installing movingobj_detect script to /home/tnoin/codes/subsumption/install/subsumption_architecture/lib/subsumption_architecture
Installing osc script to /home/tnoin/codes/subsumption/install/subsumption_architecture/lib/subsumption_architecture
Installing periodic_axis script to /home/tnoin/codes/subsumption/install/subsumption_architecture/lib/subsumption_architecture
Installing random_axis script to /home/tnoin/codes/subsumption/install/subsumption_architecture/lib/subsumption_architecture
Installing sim script to /home/tnoin/codes/subsumption/install/subsumption_architecture/lib/subsumption_architecture
writing list of installed files to '/home/tnoin/codes/subsumption/build/subsumption_architecture/install.log'
